<?xml version="1.0" encoding="UTF-8"?>
<!-- Generated by org.testng.reporters.JUnitXMLReporter -->
<testsuite ignored="3" hostname="Vijaya-1" failures="0" tests="20" name="testNgAnnotaions" time="0.115" errors="0" timestamp="2023-11-07T13:01:15 IST">
  <testcase classname="testng.Test.Global1" name="testcase1" time="0.004"/>
  <testcase classname="testng.Test.Global1" name="testcase3" time="0.001"/>
  <testcase classname="testng.Test.Global3" name="testcase9" time="0.002"/>
  <testcase classname="testng.Test.Global2" name="testcase4" time="0.001"/>
  <testcase classname="testng.Test.Global2" name="testcase5" time="0.001"/>
  <testcase classname="testng.Test.Global2" name="testcase6" time="0.004"/>
  <testcase classname="testng.Test.Global2" name="testcase6" time="0.002"/>
  <testcase classname="testng.Test.Global2" name="testcase6" time="0.003"/>
  <testcase classname="testng.Test.Global2" name="testcase6" time="0.002"/>
  <testcase classname="testng.Test.Global2" name="testcase6" time="0.003"/>
  <testcase classname="testng.Test.Global2" name="testcase6" time="0.004"/>
  <testcase classname="testng.Test.Global2" name="testcase6" time="0.002"/>
  <testcase classname="testng.Test.Global2" name="testcase6" time="0.004"/>
  <testcase classname="testng.Test.Global2" name="testcase6" time="0.002"/>
  <testcase classname="testng.Test.Global2" name="testcase6" time="0.002"/>
  <testcase classname="testng.Test.Global2" name="testcase6" time="0.001"/>
  <testcase classname="testng.Test.Global2" name="testcase6" time="0.003"/>
  <testcase classname="testng.Test.Global2" name="testcase6" time="0.004"/>
  <testcase classname="testng.Test.Global2" name="testcase6" time="0.001"/>
  <testcase classname="testng.Test.Global2" name="testcase6" time="0.003"/>
  <testcase classname="testng.Test.Global3" name="testcase7" time="0.0">
    <ignored/>
  </testcase> <!-- testcase7 -->
  <testcase classname="testng.Test.Global3" name="testcase8" time="0.0">
    <ignored/>
  </testcase> <!-- testcase8 -->
  <testcase classname="testng.Test.Global1" name="testcase2" time="0.0">
    <ignored/>
  </testcase> <!-- testcase2 -->
</testsuite> <!-- testNgAnnotaions -->
