<?xml version="1.0" encoding="UTF-8"?>
<!-- Generated by org.testng.reporters.JUnitXMLReporter -->
<testsuite ignored="15" hostname="Vijaya-1" failures="0" tests="14" name="Test" time="0.248" errors="0" timestamp="2023-11-08T14:24:36 IST">
  <testcase classname="testng.Test.GlobaSwitchl0" name="SSGymWorkoutShcedule" time="0.041"/>
  <testcase classname="testng.Test.GlobaSwitchl0" name="urShirtSize" time="0.002"/>
  <testcase classname="testng.Test.Global1" name="main" time="0.003"/>
  <testcase classname="testng.Test.Global1" name="testcase2" time="0.003"/>
  <testcase classname="testng.Test.Global2" name="testcase6" time="0.015"/>
  <testcase classname="testng.Test.Global2" name="testcase6" time="0.008"/>
  <testcase classname="testng.Test.Global2" name="testcase6" time="0.006"/>
  <testcase classname="testng.Test.Global3" name="testcase7" time="0.003"/>
  <testcase classname="testng.Test.Global3" name="testcase8" time="0.004"/>
  <testcase classname="testng.Test.Global3" name="testcase7" time="0.003"/>
  <testcase classname="testng.Test.Global3" name="testcase8" time="0.002"/>
  <testcase classname="testng.Test.GlobalVarTest" name="name" time="0.004"/>
  <testcase classname="testng.Test.GlobaSwitchl0" name="SSGymWorkoutShcedule" time="0.004"/>
  <testcase classname="testng.Test.GlobaSwitchl0" name="urShirtSize" time="0.002"/>
  <testcase classname="testng.Test.GlobalVarTestClass2" name="testMethod1" time="0.0">
    <ignored/>
  </testcase> <!-- testMethod1 -->
  <testcase classname="testng.Test.Global1" name="testcase1" time="0.0">
    <ignored/>
  </testcase> <!-- testcase1 -->
  <testcase classname="testng.Test.GlobalVarTest" name="testMethod1" time="0.0">
    <ignored/>
  </testcase> <!-- testMethod1 -->
  <testcase classname="testng.Test.Global3" name="testcase9" time="0.0">
    <ignored/>
  </testcase> <!-- testcase9 -->
  <testcase classname="testng.Test.Global3" name="testcase9" time="0.0">
    <ignored/>
  </testcase> <!-- testcase9 -->
  <testcase classname="testng.Test.GlobaSwitchl0" name="testcase30" time="0.0">
    <ignored/>
  </testcase> <!-- testcase30 -->
  <testcase classname="testng.Test.GlobaSwitchl0" name="testcase30" time="0.0">
    <ignored/>
  </testcase> <!-- testcase30 -->
  <testcase classname="testng.Test.GlobalVarTestClass2" name="testMethod2" time="0.0">
    <ignored/>
  </testcase> <!-- testMethod2 -->
  <testcase classname="testng.Test.GlobaSwitchl0" name="testcase10" time="0.0">
    <ignored/>
  </testcase> <!-- testcase10 -->
  <testcase classname="testng.Test.GlobaSwitchl0" name="testcase10" time="0.0">
    <ignored/>
  </testcase> <!-- testcase10 -->
  <testcase classname="testng.Test.Global1" name="testcase3" time="0.0">
    <ignored/>
  </testcase> <!-- testcase3 -->
  <testcase classname="testng.Test.Global2" name="testcase4" time="0.0">
    <ignored/>
  </testcase> <!-- testcase4 -->
  <testcase classname="testng.Test.GlobaSwitchl0" name="testcase20" time="0.0">
    <ignored/>
  </testcase> <!-- testcase20 -->
  <testcase classname="testng.Test.GlobaSwitchl0" name="testcase20" time="0.0">
    <ignored/>
  </testcase> <!-- testcase20 -->
  <testcase classname="testng.Test.Global2" name="testcase5" time="0.0">
    <ignored/>
  </testcase> <!-- testcase5 -->
</testsuite> <!-- Test -->
